<?xml version="1.0" encoding="UTF-8"?>
<!-- Generated by org.testng.reporters.JUnitReportReporter -->
<testsuite hostname="DESKTOP-FM29MBU" failures="0" tests="3" name="Practice.UserCreateSwagger" time="5.927" errors="0" timestamp="2025-01-25T02:50:55 PST" skipped="0">
  <testcase classname="Practice.UserCreateSwagger" name="get" time="1.107"/>
  <testcase classname="Practice.UserCreateSwagger" name="Create" time="3.712"/>
  <testcase classname="Practice.UserCreateSwagger" name="hDelete" time="1.108"/>
</testsuite> <!-- Practice.UserCreateSwagger -->
