<?xml version="1.0" encoding="UTF-8"?>
<!-- Generated by org.testng.reporters.JUnitReportReporter -->
<testsuite hostname="DESKTOP-FM29MBU" failures="0" tests="1" name="Practice.SimpleCode" time="2.181" errors="0" timestamp="2025-02-08T11:06:58 IST" skipped="0">
  <testcase classname="Practice.SimpleCode" name="simple" time="2.181"/>
</testsuite> <!-- Practice.SimpleCode -->
