<?xml version="1.0" encoding="UTF-8"?>
<!-- Generated by org.testng.reporters.JUnitReportReporter -->
<testsuite hostname="DESKTOP-FM29MBU" failures="0" tests="1" name="DataExtractionFromJSon.SingleUser" time="2.372" errors="0" timestamp="2025-02-01T13:18:59 IST" skipped="0">
  <testcase classname="DataExtractionFromJSon.SingleUser" name="complex" time="2.372"/>
</testsuite> <!-- DataExtractionFromJSon.SingleUser -->
