<?xml version="1.0" encoding="UTF-8"?>
<!-- Generated by org.testng.reporters.JUnitReportReporter -->
<testsuite hostname="DESKTOP-FM29MBU" failures="0" tests="1" name="DataExtractionFromJSon.mockerExample" time="3.286" errors="0" timestamp="2025-02-01T13:27:38 IST" skipped="0">
  <testcase classname="DataExtractionFromJSon.mockerExample" name="mockURl" time="3.286"/>
</testsuite> <!-- DataExtractionFromJSon.mockerExample -->
