<?xml version="1.0" encoding="UTF-8"?>
<!-- Generated by org.testng.reporters.JUnitReportReporter -->
<testsuite hostname="DESKTOP-FM29MBU" failures="0" tests="1" name="Practice.UserCreate" time="2.151" errors="0" timestamp="2025-02-01T10:46:24 IST" skipped="0">
  <testcase classname="Practice.UserCreate" name="complex" time="2.151"/>
</testsuite> <!-- Practice.UserCreate -->
