<?xml version="1.0" encoding="UTF-8"?>
<!-- Generated by org.testng.reporters.JUnitReportReporter -->
<testsuite hostname="DESKTOP-FM29MBU" failures="0" tests="1" name="DataExtractionFromJSon.UserList" time="3.448" errors="0" timestamp="2025-01-26T17:20:29 IST" skipped="0">
  <testcase classname="DataExtractionFromJSon.UserList" name="complex" time="3.448"/>
</testsuite> <!-- DataExtractionFromJSon.UserList -->
