<?xml version="1.0" encoding="UTF-8"?>
<!-- Generated by org.testng.reporters.JUnitReportReporter -->
<testsuite hostname="DESKTOP-FM29MBU" failures="0" tests="1" name="Practice.SingleUser" time="2.752" errors="0" timestamp="2025-01-26T08:52:45 IST" skipped="0">
  <testcase classname="Practice.SingleUser" name="complex" time="2.752"/>
</testsuite> <!-- Practice.SingleUser -->
