<?xml version="1.0" encoding="UTF-8"?>
<!-- Generated by org.testng.reporters.JUnitReportReporter -->
<testsuite hostname="DESKTOP-FM29MBU" failures="0" tests="1" name="APIRahulShettyMap.MapPut" time="1.887" errors="0" timestamp="2025-02-09T11:57:24 IST" skipped="0">
  <testcase classname="APIRahulShettyMap.MapPut" name="post" time="1.887"/>
</testsuite> <!-- APIRahulShettyMap.MapPut -->
