<?xml version="1.0" encoding="UTF-8"?>
<!-- Generated by org.testng.reporters.JUnitReportReporter -->
<testsuite hostname="DESKTOP-FM29MBU" failures="0" tests="1" name="APIRahulShettyMap.MapPostUsingSerDe" time="3.370" errors="0" timestamp="2025-05-04T17:20:04 IST" skipped="0">
  <testcase classname="APIRahulShettyMap.MapPostUsingSerDe" name="post" time="3.370"/>
</testsuite> <!-- APIRahulShettyMap.MapPostUsingSerDe -->
