<?xml version="1.0" encoding="UTF-8"?>
<!-- Generated by org.testng.reporters.JUnitReportReporter -->
<testsuite hostname="DESKTOP-FM29MBU" failures="0" tests="1" name="DataExtractionFromJSon.UserCreateSwagger" time="4.905" errors="0" timestamp="2025-01-26T09:04:39 IST" skipped="0">
  <testcase classname="DataExtractionFromJSon.UserCreateSwagger" name="Create" time="4.905"/>
</testsuite> <!-- DataExtractionFromJSon.UserCreateSwagger -->
