<?xml version="1.0" encoding="UTF-8"?>
<!-- Generated by org.testng.reporters.JUnitReportReporter -->
<testsuite hostname="DESKTOP-FM29MBU" failures="0" tests="1" name="DataExtractionFromJSon.mockerExampleObject" time="3.429" errors="0" timestamp="2025-02-01T15:02:47 IST" skipped="0">
  <testcase classname="DataExtractionFromJSon.mockerExampleObject" name="mockURl" time="3.429"/>
</testsuite> <!-- DataExtractionFromJSon.mockerExampleObject -->
