<?xml version="1.0" encoding="UTF-8"?>
<!-- Generated by org.testng.reporters.JUnitReportReporter -->
<testsuite hostname="DESKTOP-FM29MBU" failures="0" tests="1" name="APIRahulShettyMap.MapPost" time="2.563" errors="0" timestamp="2025-05-04T11:53:06 IST" skipped="0">
  <testcase classname="APIRahulShettyMap.MapPost" name="post" time="2.563"/>
</testsuite> <!-- APIRahulShettyMap.MapPost -->
