<?xml version="1.0" encoding="UTF-8"?>
<!-- Generated by org.testng.reporters.JUnitReportReporter -->
<testsuite hostname="DESKTOP-FM29MBU" failures="0" tests="3" name="APIRahulShettyLibrary.AddBook" time="9.574" errors="0" timestamp="2025-02-15T10:07:04 IST" skipped="0">
  <testcase classname="APIRahulShettyLibrary.AddBook" name="post" time="5.601"/>
  <testcase classname="APIRahulShettyLibrary.AddBook" name="post" time="2.382"/>
  <testcase classname="APIRahulShettyLibrary.AddBook" name="post" time="1.591"/>
</testsuite> <!-- APIRahulShettyLibrary.AddBook -->
