<?xml version="1.0" encoding="UTF-8"?>
<!-- Generated by org.testng.reporters.JUnitReportReporter -->
<testsuite hostname="DESKTOP-FM29MBU" failures="0" tests="1" name="APIRahulShettyLibrary.AddBookBodyfromFile" time="3.045" errors="0" timestamp="2025-02-15T10:58:52 IST" skipped="0">
  <testcase classname="APIRahulShettyLibrary.AddBookBodyfromFile" name="post" time="3.045"/>
</testsuite> <!-- APIRahulShettyLibrary.AddBookBodyfromFile -->
