<?xml version="1.0" encoding="UTF-8"?>
<!-- Generated by org.testng.reporters.JUnitReportReporter -->
<testsuite hostname="DESKTOP-FM29MBU" failures="0" tests="1" name="APIRahulShettyMap.DataExtractionJson" time="1.384" errors="0" timestamp="2025-02-09T12:39:57 IST" skipped="0">
  <testcase classname="APIRahulShettyMap.DataExtractionJson" name="extractData" time="1.384"/>
</testsuite> <!-- APIRahulShettyMap.DataExtractionJson -->
