<?xml version="1.0" encoding="UTF-8"?>
<!-- Generated by org.testng.reporters.JUnitReportReporter -->
<testsuite hostname="DESKTOP-FM29MBU" failures="0" tests="1" name="Practice.Update" time="2.904" errors="0" timestamp="2025-01-24T22:27:33 PST" skipped="0">
  <testcase classname="Practice.Update" name="complex" time="2.904"/>
</testsuite> <!-- Practice.Update -->
