<?xml version="1.0" encoding="UTF-8"?>
<!-- Generated by org.testng.reporters.JUnitReportReporter -->
<testsuite hostname="DESKTOP-FM29MBU" failures="0" tests="1" name="Practice.NotFound" time="1.912" errors="0" timestamp="2025-01-24T22:12:17 PST" skipped="0">
  <testcase classname="Practice.NotFound" name="complex" time="1.912"/>
</testsuite> <!-- Practice.NotFound -->
