<?xml version="1.0" encoding="UTF-8"?>
<!-- Generated by org.testng.reporters.JUnitReportReporter -->
<testsuite hostname="DESKTOP-FM29MBU" failures="0" tests="1" name="DataExtractionFromJSon.mockerExample2" time="3.081" errors="0" timestamp="2025-02-01T14:18:10 IST" skipped="0">
  <testcase classname="DataExtractionFromJSon.mockerExample2" name="mockURl" time="3.081"/>
</testsuite> <!-- DataExtractionFromJSon.mockerExample2 -->
