<?xml version="1.0" encoding="UTF-8"?>
<!-- Generated by org.testng.reporters.JUnitReportReporter -->
<testsuite hostname="DESKTOP-FM29MBU" failures="0" tests="1" name="APIRahulShettyMap.MapGet" time="1.094" errors="0" timestamp="2025-02-09T11:57:24 IST" skipped="0">
  <testcase classname="APIRahulShettyMap.MapGet" name="post" time="1.094"/>
</testsuite> <!-- APIRahulShettyMap.MapGet -->
