<?xml version="1.0" encoding="UTF-8"?>
<!-- Generated by org.testng.reporters.JUnitReportReporter -->
<testsuite hostname="DESKTOP-FM29MBU" failures="0" tests="1" name="Ecommerce.Login" time="5.940" errors="0" timestamp="2025-05-12T18:51:34 IST" skipped="0">
  <testcase classname="Ecommerce.Login" name="post" time="5.940"/>
</testsuite> <!-- Ecommerce.Login -->
