<?xml version="1.0" encoding="UTF-8"?>
<!-- Generated by org.testng.reporters.JUnitReportReporter -->
<testsuite hostname="DESKTOP-FM29MBU" failures="0" tests="1" name="Practice.ComplexCode" time="3.032" errors="0" timestamp="2025-02-08T10:14:17 IST" skipped="0">
  <testcase classname="Practice.ComplexCode" name="complex" time="3.032"/>
</testsuite> <!-- Practice.ComplexCode -->
