<?xml version="1.0" encoding="UTF-8"?>
<!-- Generated by org.testng.reporters.JUnitReportReporter -->
<testsuite hostname="DESKTOP-FM29MBU" failures="0" tests="1" name="Practice.UserList" time="2.311" errors="0" timestamp="2025-01-26T09:13:50 IST" skipped="0">
  <testcase classname="Practice.UserList" name="complex" time="2.311"/>
</testsuite> <!-- Practice.UserList -->
