<?xml version="1.0" encoding="UTF-8"?>
<!-- Generated by org.testng.reporters.JUnitReportReporter -->
<testsuite hostname="DESKTOP-FM29MBU" failures="0" tests="1" name="Ecommerce.PlaceOrder" time="0.324" errors="0" timestamp="2025-05-10T11:45:47 IST" skipped="0">
  <testcase classname="Ecommerce.PlaceOrder" name="post" time="0.324"/>
</testsuite> <!-- Ecommerce.PlaceOrder -->
