<?xml version="1.0" encoding="UTF-8"?>
<!-- Generated by org.testng.reporters.JUnitReportReporter -->
<testsuite hostname="DESKTOP-FM29MBU" failures="0" tests="1" name="Practice.SingleUserDetails" time="2.889" errors="0" timestamp="2025-02-08T12:22:40 IST" skipped="0">
  <testcase classname="Practice.SingleUserDetails" name="complex" time="2.889"/>
</testsuite> <!-- Practice.SingleUserDetails -->
