<?xml version="1.0" encoding="UTF-8"?>
<!-- Generated by org.testng.reporters.JUnitReportReporter -->
<testsuite hostname="DESKTOP-FM29MBU" failures="0" tests="1" name="DataExtractionFromJSon.mockerExampleObject2" time="3.777" errors="0" timestamp="2025-02-01T14:59:42 IST" skipped="0">
  <testcase classname="DataExtractionFromJSon.mockerExampleObject2" name="mockURl" time="3.777"/>
</testsuite> <!-- DataExtractionFromJSon.mockerExampleObject2 -->
