<?xml version="1.0" encoding="UTF-8"?>
<!-- Generated by org.testng.reporters.JUnitReportReporter -->
<testsuite hostname="DESKTOP-FM29MBU" failures="0" tests="1" name="DataExtractionFromJSon.jsonClass" time="1.323" errors="0" timestamp="2025-01-26T18:00:21 IST" skipped="0">
  <testcase classname="DataExtractionFromJSon.jsonClass" name="extractdata" time="1.323"/>
</testsuite> <!-- DataExtractionFromJSon.jsonClass -->
