<?xml version="1.0" encoding="UTF-8"?>
<!-- Generated by org.testng.reporters.JUnitReportReporter -->
<testsuite hostname="DESKTOP-FM29MBU" failures="0" tests="1" name="DataExtractionFromJSon.jsonObjectCreateUser" time="2.369" errors="0" timestamp="2025-02-01T13:36:13 IST" skipped="0">
  <testcase classname="DataExtractionFromJSon.jsonObjectCreateUser" name="Create" time="2.369"/>
</testsuite> <!-- DataExtractionFromJSon.jsonObjectCreateUser -->
